<?xml version="1.0" encoding="UTF-8"?>
<!-- Generated by org.testng.reporters.JUnitXMLReporter -->
<testsuite ignored="0" hostname="IBM-PF3DZ8GN" failures="0" tests="4" name="Default test" time="0.029" errors="0" timestamp="2022-12-18T17:26:11 IST">
  <testcase classname="com.testing.PageObjects.sample" name="test1" time="0.003"/>
  <testcase classname="com.testing.PageObjects.sample" name="test2" time="0.002"/>
  <testcase classname="com.testing.PageObjects.sample" name="test3" time="0.001"/>
  <testcase classname="com.testing.PageObjects.sample" name="test4" time="0.001"/>
</testsuite> <!-- Default test -->
